<?xml version="1.0" encoding="UTF-8"?>
<!-- Generated by org.testng.reporters.JUnitReportReporter -->
<testsuite skipped="0" hostname="INHYNKGADDAM2" name="com.qa.tests.GetAPITest" tests="2" failures="0" timestamp="2020-05-09T23:19:54 IST" time="1.175" errors="0">
  <testcase name="getAPITestWithoutHeaders" time="0.925" classname="com.qa.tests.GetAPITest"/>
  <testcase name="getAPITestWithHeaders" time="0.250" classname="com.qa.tests.GetAPITest"/>
</testsuite> <!-- com.qa.tests.GetAPITest -->
