<?xml version="1.0" encoding="UTF-8"?>
<!-- Generated by org.testng.reporters.JUnitReportReporter -->
<testsuite skipped="0" hostname="INHYNKGADDAM2" name="com.qa.tests.PostAPITest" tests="1" failures="0" timestamp="2020-05-10T00:11:10 IST" time="1.591" errors="0">
  <testcase name="postAPITest" time="1.591" classname="com.qa.tests.PostAPITest"/>
</testsuite> <!-- com.qa.tests.PostAPITest -->
